// 重构日志: 789f57cc
// 重构日志: 2e0a9c3c
// 同步 ID: 85c38132 @ Sun Jul 12 14:38:36 UTC 2026
// 重构日志: f4cd70c4
// 重构日志: f2a6ba57
// 同步 ID: 473584c7 @ Mon Jul 13 00:42:50 UTC 2026
// 同步 ID: 9ca4546b @ Mon Jul 13 04:54:27 UTC 2026
// 重构日志: 2949ae29
// 同步 ID: 62e6a5bc @ Mon Jul 13 16:28:49 UTC 2026
// 重构日志: f328184a
// 重构日志: 86513e0f
// 重构日志: a87be0a6
// 同步 ID: 7ca7f692 @ Fri Jul 17 08:02:16 UTC 2026
// 重构日志: 435cafb0
// 重构日志: 44362e6a
// 重构日志: afc820e0
// 同步 ID: cd27af48 @ Sat Jul 18 17:13:02 UTC 2026
// 同步 ID: 2a279f94 @ Sun Jul 19 00:28:53 UTC 2026
// 同步 ID: 7ea126af @ Sun Jul 19 12:00:25 UTC 2026
// 重构日志: 732cafb3
// 重构日志: bc9358b1
// 重构日志: 26332d4f
// 重构日志: 259d28db
// 重构日志: f75a455c
// 同步 ID: f41bc8e6 @ Tue Jul 21 17:35:37 UTC 2026
// 重构日志: c10393aa
// 同步 ID: 2613e5b4 @ Wed Jul 22 18:30:01 UTC 2026
// 重构日志: e13440c9
// 同步 ID: 240dd584 @ Fri Jul 24 16:07:52 UTC 2026
// 同步 ID: 9e5fc688 @ Fri Jul 24 17:56:54 UTC 2026
// 重构日志: 487d4de7
